FAZ-TET
[?1h=
                                                           < M A T L A B (R) >
                                                 Copyright 1984-2018 The MathWorks, Inc.
                                            R2018b Update 7 (9.5.0.1298439) 64-bit (glnxa64)
                                                            January 22, 2020

 
To get started, type doc.
For product information, visit www.mathworks.com.
 
/disk/mace2/archive/scan_data_archive/2019/FAZ-TET
/disk/mace2/archive/scan_data_archive/2020/FAZ-TET
...2020.08.28-15.43.11
......AP12
.........svs_se_30_Femur_midDiaphysis_0x0.27
[?1h=............UNKNOWN.1.3.12.2.1107.5.2.38.51021.2020082816502576307693038
...............sAdjData.uiAdjWatSupMode	 = 	2
...............sPrepPulses.ucWaterSat	 = 	4
...............sSpecPara.dSpecWaterSupprBandwidth	 = 	1.55
...............sDixonData.sMrDixonOptions.ucDixonWater	 = 	0x0
...............sDixonData.sMrDixonEvaluationOptions.ucDixonEvaWaterFraction	 = 	0x0
[?1h=.........svs_se_30_L4_0x0.35
[?1h=............UNKNOWN.1.3.12.2.1107.5.2.38.51021.2020082817024410161498502
...............sAdjData.uiAdjWatSupMode	 = 	2
...............sPrepPulses.ucWaterSat	 = 	4
...............sSpecPara.dSpecWaterSupprBandwidth	 = 	1.55
...............sDixonData.sMrDixonOptions.ucDixonWater	 = 	0x0
...............sDixonData.sMrDixonEvaluationOptions.ucDixonEvaWaterFraction	 = 	0x0
[?1h=...2020.09.21-15.18.56
......AC10
.........svs_se_30_Femur_Epiphysis_0x0.11
[?1h=............UNKNOWN.1.3.12.2.1107.5.2.38.51021.2020092115532688355006620
...............sAdjData.uiAdjWatSupMode	 = 	2
...............sPrepPulses.ucWaterSat	 = 	4
...............sSpecPara.dSpecWaterSupprBandwidth	 = 	1.55
...............sDixonData.sMrDixonOptions.ucDixonWater	 = 	0x0
...............sDixonData.sMrDixonEvaluationOptions.ucDixonEvaWaterFraction	 = 	0x0
[?1h=.........svs_se_30_Femur_Metaphysis_0x0.13
[?1h=............UNKNOWN.1.3.12.2.1107.5.2.38.51021.2020092115555733440107518
...............sAdjData.uiAdjWatSupMode	 = 	2
...............sPrepPulses.ucWaterSat	 = 	4
...............sSpecPara.dSpecWaterSupprBandwidth	 = 	1.55
...............sDixonData.sMrDixonOptions.ucDixonWater	 = 	0x0
...............sDixonData.sMrDixonEvaluationOptions.ucDixonEvaWaterFraction	 = 	0x0
[?1h=.........svs_se_30_Femur_midDiaphysis_0x0.21
[?1h=............UNKNOWN.1.3.12.2.1107.5.2.38.51021.202009211604284025512125
...............sAdjData.uiAdjWatSupMode	 = 	2
...............sPrepPulses.ucWaterSat	 = 	4
...............sSpecPara.dSpecWaterSupprBandwidth	 = 	1.55
...............sDixonData.sMrDixonOptions.ucDixonWater	 = 	0x0
...............sDixonData.sMrDixonEvaluationOptions.ucDixonEvaWaterFraction	 = 	0x0
[?1h=.........svs_se_30_L4_0x0.34
[?1h=............UNKNOWN.1.3.12.2.1107.5.2.38.51021.2020092116184120322921476
...............sAdjData.uiAdjWatSupMode	 = 	2
...............sPrepPulses.ucWaterSat	 = 	4
...............sSpecPara.dSpecWaterSupprBandwidth	 = 	1.55
...............sDixonData.sMrDixonOptions.ucDixonWater	 = 	0x0
...............sDixonData.sMrDixonEvaluationOptions.ucDixonEvaWaterFraction	 = 	0x0
[?1h=.........svs_se_30_Liver_0x0.46
[?1h=............UNKNOWN.1.3.12.2.1107.5.2.38.51021.2020092116335650847629417
...............sAdjData.uiAdjWatSupMode	 = 	1
...............sPrepPulses.ucWaterSat	 = 	4
...............sSpecPara.dSpecWaterSupprBandwidth	 = 	1.55
...............sDixonData.sMrDixonOptions.ucDixonWater	 = 	0x0
...............sDixonData.sMrDixonEvaluationOptions.ucDixonEvaWaterFraction	 = 	0x0
[?1h=.........svs_se_30_Liver_0x0.48
[?1h=............UNKNOWN.1.3.12.2.1107.5.2.38.51021.2020092116354390240829435
...............sAdjData.uiAdjWatSupMode	 = 	1
...............sPrepPulses.ucWaterSat	 = 	4
...............sSpecPara.dSpecWaterSupprBandwidth	 = 	1.55
...............sDixonData.sMrDixonOptions.ucDixonWater	 = 	0x0
...............sDixonData.sMrDixonEvaluationOptions.ucDixonEvaWaterFraction	 = 	0x0
[?1h=.........svs_se_30_Liver_WS_0x0.50
[?1h=............UNKNOWN.1.3.12.2.1107.5.2.38.51021.2020092116370915049829453
...............sAdjData.uiAdjWatSupMode	 = 	1
...............sPrepPulses.ucWaterSat	 = 	1
...............sSpecPara.dSpecWaterSupprBandwidth	 = 	1.55
...............sDixonData.sMrDixonOptions.ucDixonWater	 = 	0x0
...............sDixonData.sMrDixonEvaluationOptions.ucDixonEvaWaterFraction	 = 	0x0
[?1h=.........svs_se_30_Liver_WS_0x0.52
[?1h=............UNKNOWN.1.3.12.2.1107.5.2.38.51021.202009211637493415929471
...............sAdjData.uiAdjWatSupMode	 = 	1
...............sPrepPulses.ucWaterSat	 = 	1
...............sSpecPara.dSpecWaterSupprBandwidth	 = 	1.55
...............sDixonData.sMrDixonOptions.ucDixonWater	 = 	0x0
...............sDixonData.sMrDixonEvaluationOptions.ucDixonEvaWaterFraction	 = 	0x0
[?1h=.........svs_se_30_Liver_WS_0x0.54
[?1h=............UNKNOWN.1.3.12.2.1107.5.2.38.51021.202009211638363996029489
...............sAdjData.uiAdjWatSupMode	 = 	1
...............sPrepPulses.ucWaterSat	 = 	1
...............sSpecPara.dSpecWaterSupprBandwidth	 = 	1.55
...............sDixonData.sMrDixonOptions.ucDixonWater	 = 	0x0
...............sDixonData.sMrDixonEvaluationOptions.ucDixonEvaWaterFraction	 = 	0x0
[?1h=.........svs_se_30_Liver_WS_0x0.56
[?1h=............UNKNOWN.1.3.12.2.1107.5.2.38.51021.202009211639239228929507
...............sAdjData.uiAdjWatSupMode	 = 	1
...............sPrepPulses.ucWaterSat	 = 	1
...............sSpecPara.dSpecWaterSupprBandwidth	 = 	1.55
...............sDixonData.sMrDixonOptions.ucDixonWater	 = 	0x0
...............sDixonData.sMrDixonEvaluationOptions.ucDixonEvaWaterFraction	 = 	0x0
[?1h=/disk/mace2/archive/scan_data_archive/2021/FAZ-TET
...2021.02.04-10.38.50
......KR30
.........svs_se_30_Femur_Epiphysis_0x0.8
[?1h=............UNKNOWN.1.3.12.2.1107.5.2.38.51021.2021020411040064526863314
...............sAdjData.uiAdjWatSupMode	 = 	2
...............sPrepPulses.ucWaterSat	 = 	4
...............sSpecPara.dSpecWaterSupprBandwidth	 = 	1.55
...............sDixonData.sMrDixonOptions.ucDixonWater	 = 	0x0
...............sDixonData.sMrDixonEvaluationOptions.ucDixonEvaWaterFraction	 = 	0x0
[?1h=.........svs_se_30_Femur_Metaphysis_0x0.10
[?1h=............UNKNOWN.1.3.12.2.1107.5.2.38.51021.2021020411084679709264213
...............sAdjData.uiAdjWatSupMode	 = 	2
...............sPrepPulses.ucWaterSat	 = 	4
...............sSpecPara.dSpecWaterSupprBandwidth	 = 	1.55
...............sDixonData.sMrDixonOptions.ucDixonWater	 = 	0x0
...............sDixonData.sMrDixonEvaluationOptions.ucDixonEvaWaterFraction	 = 	0x0
[?1h=.........svs_se_30_Femur_midDiaphysis_0x0.18
[?1h=............UNKNOWN.1.3.12.2.1107.5.2.38.51021.2021020411174599647068816
...............sAdjData.uiAdjWatSupMode	 = 	2
...............sPrepPulses.ucWaterSat	 = 	4
...............sSpecPara.dSpecWaterSupprBandwidth	 = 	1.55
...............sDixonData.sMrDixonOptions.ucDixonWater	 = 	0x0
...............sDixonData.sMrDixonEvaluationOptions.ucDixonEvaWaterFraction	 = 	0x0
[?1h=.........svs_se_30_L4_0x0.27
[?1h=............UNKNOWN.1.3.12.2.1107.5.2.38.51021.2021020411275848200973987
...............sAdjData.uiAdjWatSupMode	 = 	2
...............sPrepPulses.ucWaterSat	 = 	4
...............sSpecPara.dSpecWaterSupprBandwidth	 = 	1.55
...............sDixonData.sMrDixonOptions.ucDixonWater	 = 	0x0
...............sDixonData.sMrDixonEvaluationOptions.ucDixonEvaWaterFraction	 = 	0x0
[?1h=.........svs_se_30_Liver_0x0.34
[?1h=............UNKNOWN.1.3.12.2.1107.5.2.38.51021.202102041137547733078583
...............sAdjData.uiAdjWatSupMode	 = 	2
...............sPrepPulses.ucWaterSat	 = 	1
...............sSpecPara.dSpecWaterSupprBandwidth	 = 	1.55
...............sDixonData.sMrDixonOptions.ucDixonWater	 = 	0x0
...............sDixonData.sMrDixonEvaluationOptions.ucDixonEvaWaterFraction	 = 	0x0
[?1h=.........svs_se_30_Liver_0x0.35
[?1h=............UNKNOWN.1.3.12.2.1107.5.2.38.51021.2021020411391714560478600
...............sAdjData.uiAdjWatSupMode	 = 	2
...............sPrepPulses.ucWaterSat	 = 	1
...............sSpecPara.dSpecWaterSupprBandwidth	 = 	1.55
...............sDixonData.sMrDixonOptions.ucDixonWater	 = 	0x0
...............sDixonData.sMrDixonEvaluationOptions.ucDixonEvaWaterFraction	 = 	0x0
[?1h=.........svs_se_30_Liver_0x0.36
[?1h=............UNKNOWN.1.3.12.2.1107.5.2.38.51021.2021020411395781808178617
...............sAdjData.uiAdjWatSupMode	 = 	2
...............sPrepPulses.ucWaterSat	 = 	1
...............sSpecPara.dSpecWaterSupprBandwidth	 = 	1.55
...............sDixonData.sMrDixonOptions.ucDixonWater	 = 	0x0
...............sDixonData.sMrDixonEvaluationOptions.ucDixonEvaWaterFraction	 = 	0x0
[?1h=...2021.03.04-11.08.31
......F23
.........svs_se_30_Femur_Epiphysis_0x0.8
[?1h=............UNKNOWN.1.3.12.2.1107.5.2.38.51021.2021030411161070662244572
...............sAdjData.uiAdjWatSupMode	 = 	2
...............sPrepPulses.ucWaterSat	 = 	4
...............sSpecPara.dSpecWaterSupprBandwidth	 = 	1.55
...............sDixonData.sMrDixonOptions.ucDixonWater	 = 	0x0
...............sDixonData.sMrDixonEvaluationOptions.ucDixonEvaWaterFraction	 = 	0x0
[?1h=.........svs_se_30_Femur_Metaphysis_0x0.10
[?1h=............UNKNOWN.1.3.12.2.1107.5.2.38.51021.2021030411264267461745471
...............sAdjData.uiAdjWatSupMode	 = 	2
...............sPrepPulses.ucWaterSat	 = 	4
...............sSpecPara.dSpecWaterSupprBandwidth	 = 	1.55
...............sDixonData.sMrDixonOptions.ucDixonWater	 = 	0x0
...............sDixonData.sMrDixonEvaluationOptions.ucDixonEvaWaterFraction	 = 	0x0
[?1h=.........svs_se_30_Femur_midDiaphysis_0x0.18
[?1h=............UNKNOWN.1.3.12.2.1107.5.2.38.51021.2021030411350983301650074
...............sAdjData.uiAdjWatSupMode	 = 	2
...............sPrepPulses.ucWaterSat	 = 	4
...............sSpecPara.dSpecWaterSupprBandwidth	 = 	1.55
...............sDixonData.sMrDixonOptions.ucDixonWater	 = 	0x0
...............sDixonData.sMrDixonEvaluationOptions.ucDixonEvaWaterFraction	 = 	0x0
[?1h=.........svs_se_30_L4_0x0.27
[?1h=............UNKNOWN.1.3.12.2.1107.5.2.38.51021.2021030411462031030655537
...............sAdjData.uiAdjWatSupMode	 = 	2
...............sPrepPulses.ucWaterSat	 = 	4
...............sSpecPara.dSpecWaterSupprBandwidth	 = 	1.55
...............sDixonData.sMrDixonOptions.ucDixonWater	 = 	0x0
...............sDixonData.sMrDixonEvaluationOptions.ucDixonEvaWaterFraction	 = 	0x0
[?1h=.........svs_se_30_Liver_0x0.34
[?1h=............UNKNOWN.1.3.12.2.1107.5.2.38.51021.2021030411585079108860133
...............sAdjData.uiAdjWatSupMode	 = 	2
...............sPrepPulses.ucWaterSat	 = 	1
...............sSpecPara.dSpecWaterSupprBandwidth	 = 	1.55
...............sDixonData.sMrDixonOptions.ucDixonWater	 = 	0x0
...............sDixonData.sMrDixonEvaluationOptions.ucDixonEvaWaterFraction	 = 	0x0
[?1h=.........svs_se_30_Liver_0x0.35
[?1h=............UNKNOWN.1.3.12.2.1107.5.2.38.51021.2021030412013591074461031
...............sAdjData.uiAdjWatSupMode	 = 	2
...............sPrepPulses.ucWaterSat	 = 	1
...............sSpecPara.dSpecWaterSupprBandwidth	 = 	1.55
...............sDixonData.sMrDixonOptions.ucDixonWater	 = 	0x0
...............sDixonData.sMrDixonEvaluationOptions.ucDixonEvaWaterFraction	 = 	0x0
[?1h=.........svs_se_30_Liver_0x0.36
[?1h=............UNKNOWN.1.3.12.2.1107.5.2.38.51021.2021030412053369954461929
...............sAdjData.uiAdjWatSupMode	 = 	2
...............sPrepPulses.ucWaterSat	 = 	1
...............sSpecPara.dSpecWaterSupprBandwidth	 = 	1.55
...............sDixonData.sMrDixonOptions.ucDixonWater	 = 	0x0
...............sDixonData.sMrDixonEvaluationOptions.ucDixonEvaWaterFraction	 = 	0x0
[?1h=.........svs_se_30_Liver_0x0.37
[?1h=............UNKNOWN.1.3.12.2.1107.5.2.38.51021.2021030412084094877862820
...............sAdjData.uiAdjWatSupMode	 = 	2
...............sPrepPulses.ucWaterSat	 = 	1
...............sSpecPara.dSpecWaterSupprBandwidth	 = 	1.55
...............sDixonData.sMrDixonOptions.ucDixonWater	 = 	0x0
...............sDixonData.sMrDixonEvaluationOptions.ucDixonEvaWaterFraction	 = 	0x0
[?1h=.........svs_se_30_Liver_0x0.38
[?1h=............UNKNOWN.1.3.12.2.1107.5.2.38.51021.2021030412091632578262837
...............sAdjData.uiAdjWatSupMode	 = 	2
...............sPrepPulses.ucWaterSat	 = 	1
...............sSpecPara.dSpecWaterSupprBandwidth	 = 	1.55
...............sDixonData.sMrDixonOptions.ucDixonWater	 = 	0x0
...............sDixonData.sMrDixonEvaluationOptions.ucDixonEvaWaterFraction	 = 	0x0
[?1h=...2021.05.20-11.19.18
......AP12
.........svs_se_30_Femur_Epiphysis_0x0.8
[?1h=............UNKNOWN.1.3.12.2.1107.5.2.38.51021.2021052011284950565844490
...............sAdjData.uiAdjWatSupMode	 = 	2
...............sPrepPulses.ucWaterSat	 = 	4
...............sSpecPara.dSpecWaterSupprBandwidth	 = 	1.55
...............sDixonData.sMrDixonOptions.ucDixonWater	 = 	0x0
...............sDixonData.sMrDixonEvaluationOptions.ucDixonEvaWaterFraction	 = 	0x0
[?1h=.........svs_se_30_Femur_Metaphysis_0x0.10
[?1h=............UNKNOWN.1.3.12.2.1107.5.2.38.51021.2021052011341458221945388
...............sAdjData.uiAdjWatSupMode	 = 	2
...............sPrepPulses.ucWaterSat	 = 	4
...............sSpecPara.dSpecWaterSupprBandwidth	 = 	1.55
...............sDixonData.sMrDixonOptions.ucDixonWater	 = 	0x0
...............sDixonData.sMrDixonEvaluationOptions.ucDixonEvaWaterFraction	 = 	0x0
[?1h=.........svs_se_30_Femur_midDiaphysis_0x0.18
[?1h=............UNKNOWN.1.3.12.2.1107.5.2.38.51021.2021052011440831191249991
...............sAdjData.uiAdjWatSupMode	 = 	2
...............sPrepPulses.ucWaterSat	 = 	4
...............sSpecPara.dSpecWaterSupprBandwidth	 = 	1.55
...............sDixonData.sMrDixonOptions.ucDixonWater	 = 	0x0
...............sDixonData.sMrDixonEvaluationOptions.ucDixonEvaWaterFraction	 = 	0x0
[?1h=.........svs_se_30_L4_0x0.28
[?1h=............UNKNOWN.1.3.12.2.1107.5.2.38.51021.2021052011562287796055742
...............sAdjData.uiAdjWatSupMode	 = 	2
...............sPrepPulses.ucWaterSat	 = 	4
...............sSpecPara.dSpecWaterSupprBandwidth	 = 	1.55
...............sDixonData.sMrDixonOptions.ucDixonWater	 = 	0x0
...............sDixonData.sMrDixonEvaluationOptions.ucDixonEvaWaterFraction	 = 	0x0
[?1h=.........svs_se_30_Liver_0x0.35
[?1h=............UNKNOWN.1.3.12.2.1107.5.2.38.51021.2021052012042775293960331
...............sAdjData.uiAdjWatSupMode	 = 	2
...............sPrepPulses.ucWaterSat	 = 	1
...............sSpecPara.dSpecWaterSupprBandwidth	 = 	1.55
...............sDixonData.sMrDixonOptions.ucDixonWater	 = 	0x0
...............sDixonData.sMrDixonEvaluationOptions.ucDixonEvaWaterFraction	 = 	0x0
[?1h=.........svs_se_30_Liver_0x0.36
[?1h=............UNKNOWN.1.3.12.2.1107.5.2.38.51021.2021052012050248080860348
...............sAdjData.uiAdjWatSupMode	 = 	2
...............sPrepPulses.ucWaterSat	 = 	1
...............sSpecPara.dSpecWaterSupprBandwidth	 = 	1.55
...............sDixonData.sMrDixonOptions.ucDixonWater	 = 	0x0
...............sDixonData.sMrDixonEvaluationOptions.ucDixonEvaWaterFraction	 = 	0x0
[?1h=.........svs_se_30_Liver_0x0.37
[?1h=............UNKNOWN.1.3.12.2.1107.5.2.38.51021.202105201213171255561253
...............sAdjData.uiAdjWatSupMode	 = 	2
...............sPrepPulses.ucWaterSat	 = 	1
...............sSpecPara.dSpecWaterSupprBandwidth	 = 	1.55
...............sDixonData.sMrDixonOptions.ucDixonWater	 = 	0x0
...............sDixonData.sMrDixonEvaluationOptions.ucDixonEvaWaterFraction	 = 	0x0
[?1h=.........svs_se_30_Liver_0x0.38
[?1h=............UNKNOWN.1.3.12.2.1107.5.2.38.51021.2021052012140059059261270
...............sAdjData.uiAdjWatSupMode	 = 	2
...............sPrepPulses.ucWaterSat	 = 	1
...............sSpecPara.dSpecWaterSupprBandwidth	 = 	1.55
...............sDixonData.sMrDixonOptions.ucDixonWater	 = 	0x0
...............sDixonData.sMrDixonEvaluationOptions.ucDixonEvaWaterFraction	 = 	0x0
[?1h=...2021.06.24-16.40.28
......k031
.........svs_se_30_Femur_Epiphysis_0x0.8
[?1h=............UNKNOWN.1.3.12.2.1107.5.2.38.51021.2021062416544364907278902
...............sAdjData.uiAdjWatSupMode	 = 	2
...............sPrepPulses.ucWaterSat	 = 	4
...............sSpecPara.dSpecWaterSupprBandwidth	 = 	1.55
...............sDixonData.sMrDixonOptions.ucDixonWater	 = 	0x0
...............sDixonData.sMrDixonEvaluationOptions.ucDixonEvaWaterFraction	 = 	0x0
[?1h=.........svs_se_30_Femur_Metaphysis_0x0.10
[?1h=............UNKNOWN.1.3.12.2.1107.5.2.38.51021.2021062416572127467579800
...............sAdjData.uiAdjWatSupMode	 = 	2
...............sPrepPulses.ucWaterSat	 = 	4
...............sSpecPara.dSpecWaterSupprBandwidth	 = 	1.55
...............sDixonData.sMrDixonOptions.ucDixonWater	 = 	0x0
...............sDixonData.sMrDixonEvaluationOptions.ucDixonEvaWaterFraction	 = 	0x0
[?1h=.........svs_se_30_Femur_midDiaphysis_0x0.18
[?1h=............UNKNOWN.1.3.12.2.1107.5.2.38.51021.2021062417060673874484404
...............sAdjData.uiAdjWatSupMode	 = 	2
...............sPrepPulses.ucWaterSat	 = 	4
...............sSpecPara.dSpecWaterSupprBandwidth	 = 	1.55
...............sDixonData.sMrDixonOptions.ucDixonWater	 = 	0x0
...............sDixonData.sMrDixonEvaluationOptions.ucDixonEvaWaterFraction	 = 	0x0
[?1h=.........svs_se_30_L4_0x0.26
[?1h=............UNKNOWN.1.3.12.2.1107.5.2.38.51021.2021062417114078838488997
...............sAdjData.uiAdjWatSupMode	 = 	2
...............sPrepPulses.ucWaterSat	 = 	4
...............sSpecPara.dSpecWaterSupprBandwidth	 = 	1.55
...............sDixonData.sMrDixonOptions.ucDixonWater	 = 	0x0
...............sDixonData.sMrDixonEvaluationOptions.ucDixonEvaWaterFraction	 = 	0x0
[?1h=.........svs_se_30_Liver_0x0.33
[?1h=............UNKNOWN.1.3.12.2.1107.5.2.38.51021.2021062417193393719893586
...............sAdjData.uiAdjWatSupMode	 = 	2
...............sPrepPulses.ucWaterSat	 = 	1
...............sSpecPara.dSpecWaterSupprBandwidth	 = 	1.55
...............sDixonData.sMrDixonOptions.ucDixonWater	 = 	0x0
...............sDixonData.sMrDixonEvaluationOptions.ucDixonEvaWaterFraction	 = 	0x0
[?1h=.........svs_se_30_Liver_0x0.34
[?1h=............UNKNOWN.1.3.12.2.1107.5.2.38.51021.2021062417200168958093603
...............sAdjData.uiAdjWatSupMode	 = 	2
...............sPrepPulses.ucWaterSat	 = 	1
...............sSpecPara.dSpecWaterSupprBandwidth	 = 	1.55
...............sDixonData.sMrDixonOptions.ucDixonWater	 = 	0x0
...............sDixonData.sMrDixonEvaluationOptions.ucDixonEvaWaterFraction	 = 	0x0
[?1h=.........svs_se_30_Liver_0x0.35
[?1h=............UNKNOWN.1.3.12.2.1107.5.2.38.51021.2021062417202477412993620
...............sAdjData.uiAdjWatSupMode	 = 	2
...............sPrepPulses.ucWaterSat	 = 	1
...............sSpecPara.dSpecWaterSupprBandwidth	 = 	1.55
...............sDixonData.sMrDixonOptions.ucDixonWater	 = 	0x0
...............sDixonData.sMrDixonEvaluationOptions.ucDixonEvaWaterFraction	 = 	0x0
[?1h=...2021.07.07-12.43.38
......AC10
.........svs_se_30_Femur_Epiphysis_0x0.8
[?1h=............UNKNOWN.1.3.12.2.1107.5.2.38.51021.2021070712570526445848234
...............sAdjData.uiAdjWatSupMode	 = 	2
...............sPrepPulses.ucWaterSat	 = 	4
...............sSpecPara.dSpecWaterSupprBandwidth	 = 	1.55
...............sDixonData.sMrDixonOptions.ucDixonWater	 = 	0x0
...............sDixonData.sMrDixonEvaluationOptions.ucDixonEvaWaterFraction	 = 	0x0
[?1h=.........svs_se_30_Femur_Metaphysis_0x0.10
[?1h=............UNKNOWN.1.3.12.2.1107.5.2.38.51021.20210707130124834049132
...............sAdjData.uiAdjWatSupMode	 = 	2
...............sPrepPulses.ucWaterSat	 = 	4
...............sSpecPara.dSpecWaterSupprBandwidth	 = 	1.55
...............sDixonData.sMrDixonOptions.ucDixonWater	 = 	0x0
...............sDixonData.sMrDixonEvaluationOptions.ucDixonEvaWaterFraction	 = 	0x0
[?1h=.........svs_se_30_Femur_midDiaphysis_0x0.18
[?1h=............UNKNOWN.1.3.12.2.1107.5.2.38.51021.2021070713082344922053735
...............sAdjData.uiAdjWatSupMode	 = 	2
...............sPrepPulses.ucWaterSat	 = 	4
...............sSpecPara.dSpecWaterSupprBandwidth	 = 	1.55
...............sDixonData.sMrDixonOptions.ucDixonWater	 = 	0x0
...............sDixonData.sMrDixonEvaluationOptions.ucDixonEvaWaterFraction	 = 	0x0
[?1h=.........svs_se_30_L4_0x0.26
[?1h=............UNKNOWN.1.3.12.2.1107.5.2.38.51021.2021070713154859239058328
...............sAdjData.uiAdjWatSupMode	 = 	2
...............sPrepPulses.ucWaterSat	 = 	4
...............sSpecPara.dSpecWaterSupprBandwidth	 = 	1.55
...............sDixonData.sMrDixonOptions.ucDixonWater	 = 	0x0
...............sDixonData.sMrDixonEvaluationOptions.ucDixonEvaWaterFraction	 = 	0x0
[?1h=.........svs_se_30_Liver_0x0.34
[?1h=............UNKNOWN.1.3.12.2.1107.5.2.38.51021.2021070713240979552162922
...............sAdjData.uiAdjWatSupMode	 = 	2
...............sPrepPulses.ucWaterSat	 = 	1
...............sSpecPara.dSpecWaterSupprBandwidth	 = 	1.55
...............sDixonData.sMrDixonOptions.ucDixonWater	 = 	0x0
...............sDixonData.sMrDixonEvaluationOptions.ucDixonEvaWaterFraction	 = 	0x0
[?1h=.........svs_se_30_Liver_0x0.35
[?1h=............UNKNOWN.1.3.12.2.1107.5.2.38.51021.2021070713263252938863816
...............sAdjData.uiAdjWatSupMode	 = 	2
...............sPrepPulses.ucWaterSat	 = 	1
...............sSpecPara.dSpecWaterSupprBandwidth	 = 	1.55
...............sDixonData.sMrDixonOptions.ucDixonWater	 = 	0x0
...............sDixonData.sMrDixonEvaluationOptions.ucDixonEvaWaterFraction	 = 	0x0
[?1h=...2021.10.27-10.18.48
......KR30
.........svs_se_30_Femur_Epiphysis_0x0.9
[?1h=............UNKNOWN.1.3.12.2.1107.5.2.38.51021.2021102711181919835476531
...............sAdjData.uiAdjWatSupMode	 = 	2
...............sPrepPulses.ucWaterSat	 = 	4
...............sSpecPara.dSpecWaterSupprBandwidth	 = 	1.55
...............sDixonData.sMrDixonOptions.ucDixonWater	 = 	0x0
...............sDixonData.sMrDixonEvaluationOptions.ucDixonEvaWaterFraction	 = 	0x0
[?1h=.........svs_se_30_Femur_Metaphysis_0x0.11
[?1h=............UNKNOWN.1.3.12.2.1107.5.2.38.51021.2021102711222889696577429
...............sAdjData.uiAdjWatSupMode	 = 	2
...............sPrepPulses.ucWaterSat	 = 	4
...............sSpecPara.dSpecWaterSupprBandwidth	 = 	1.55
...............sDixonData.sMrDixonOptions.ucDixonWater	 = 	0x0
...............sDixonData.sMrDixonEvaluationOptions.ucDixonEvaWaterFraction	 = 	0x0
[?1h=.........svs_se_30_Femur_midDiaphysis_0x0.19
[?1h=............UNKNOWN.1.3.12.2.1107.5.2.38.51021.2021102711293935095382032
...............sAdjData.uiAdjWatSupMode	 = 	2
...............sPrepPulses.ucWaterSat	 = 	4
...............sSpecPara.dSpecWaterSupprBandwidth	 = 	1.55
...............sDixonData.sMrDixonOptions.ucDixonWater	 = 	0x0
...............sDixonData.sMrDixonEvaluationOptions.ucDixonEvaWaterFraction	 = 	0x0
[?1h=.........svs_se_30_L4_0x0.28
[?1h=............UNKNOWN.1.3.12.2.1107.5.2.38.51021.2021102711391727436887206
...............sAdjData.uiAdjWatSupMode	 = 	2
...............sPrepPulses.ucWaterSat	 = 	4
...............sSpecPara.dSpecWaterSupprBandwidth	 = 	1.55
...............sDixonData.sMrDixonOptions.ucDixonWater	 = 	0x0
...............sDixonData.sMrDixonEvaluationOptions.ucDixonEvaWaterFraction	 = 	0x0
[?1h=.........svs_se_30_Liver_0x0.35
[?1h=............UNKNOWN.1.3.12.2.1107.5.2.38.51021.2021102711464270268691795
...............sAdjData.uiAdjWatSupMode	 = 	2
...............sPrepPulses.ucWaterSat	 = 	1
...............sSpecPara.dSpecWaterSupprBandwidth	 = 	1.55
...............sDixonData.sMrDixonOptions.ucDixonWater	 = 	0x0
...............sDixonData.sMrDixonEvaluationOptions.ucDixonEvaWaterFraction	 = 	0x0
[?1h=.........svs_se_30_Liver_0x0.36
[?1h=............UNKNOWN.1.3.12.2.1107.5.2.38.51021.2021102711491617512192686
...............sAdjData.uiAdjWatSupMode	 = 	2
...............sPrepPulses.ucWaterSat	 = 	1
...............sSpecPara.dSpecWaterSupprBandwidth	 = 	1.55
...............sDixonData.sMrDixonOptions.ucDixonWater	 = 	0x0
...............sDixonData.sMrDixonEvaluationOptions.ucDixonEvaWaterFraction	 = 	0x0
[?1h=...2021.11.12-14.02.43
......CK40
.........svs_se_30_Femur_Epiphysis_0x0.8
[?1h=............UNKNOWN.1.3.12.2.1107.5.2.38.51021.2021111215072492777748991
...............sAdjData.uiAdjWatSupMode	 = 	2
...............sPrepPulses.ucWaterSat	 = 	4
...............sSpecPara.dSpecWaterSupprBandwidth	 = 	1.55
...............sDixonData.sMrDixonOptions.ucDixonWater	 = 	0x0
...............sDixonData.sMrDixonEvaluationOptions.ucDixonEvaWaterFraction	 = 	0x0
[?1h=.........svs_se_30_Femur_Metaphysis_0x0.10
[?1h=............UNKNOWN.1.3.12.2.1107.5.2.38.51021.2021111215114588086649889
...............sAdjData.uiAdjWatSupMode	 = 	2
...............sPrepPulses.ucWaterSat	 = 	4
...............sSpecPara.dSpecWaterSupprBandwidth	 = 	1.55
...............sDixonData.sMrDixonOptions.ucDixonWater	 = 	0x0
...............sDixonData.sMrDixonEvaluationOptions.ucDixonEvaWaterFraction	 = 	0x0
[?1h=.........svs_se_30_Femur_midDiaphysis_0x0.18
[?1h=............UNKNOWN.1.3.12.2.1107.5.2.38.51021.2021111215202747715554492
...............sAdjData.uiAdjWatSupMode	 = 	2
...............sPrepPulses.ucWaterSat	 = 	4
...............sSpecPara.dSpecWaterSupprBandwidth	 = 	1.55
...............sDixonData.sMrDixonOptions.ucDixonWater	 = 	0x0
...............sDixonData.sMrDixonEvaluationOptions.ucDixonEvaWaterFraction	 = 	0x0
[?1h=.........svs_se_30_L4_0x0.26
[?1h=............UNKNOWN.1.3.12.2.1107.5.2.38.51021.2021111215284682838859085
...............sAdjData.uiAdjWatSupMode	 = 	2
...............sPrepPulses.ucWaterSat	 = 	4
...............sSpecPara.dSpecWaterSupprBandwidth	 = 	1.55
...............sDixonData.sMrDixonOptions.ucDixonWater	 = 	0x0
...............sDixonData.sMrDixonEvaluationOptions.ucDixonEvaWaterFraction	 = 	0x0
[?1h=.........svs_se_30_Liver_0x0.34
[?1h=............UNKNOWN.1.3.12.2.1107.5.2.38.51021.2021111215361768199763672
...............sAdjData.uiAdjWatSupMode	 = 	2
...............sPrepPulses.ucWaterSat	 = 	1
...............sSpecPara.dSpecWaterSupprBandwidth	 = 	1.55
...............sDixonData.sMrDixonOptions.ucDixonWater	 = 	0x0
...............sDixonData.sMrDixonEvaluationOptions.ucDixonEvaWaterFraction	 = 	0x0
[?1h=.........svs_se_30_Liver_0x0.35
[?1h=............UNKNOWN.1.3.12.2.1107.5.2.38.51021.2021111215384923758464573
...............sAdjData.uiAdjWatSupMode	 = 	2
...............sPrepPulses.ucWaterSat	 = 	1
...............sSpecPara.dSpecWaterSupprBandwidth	 = 	1.55
...............sDixonData.sMrDixonOptions.ucDixonWater	 = 	0x0
...............sDixonData.sMrDixonEvaluationOptions.ucDixonEvaWaterFraction	 = 	0x0
[?1h=.........svs_se_30_Liver_0x0.37
[?1h=............UNKNOWN.1.3.12.2.1107.5.2.38.51021.2021111215394163589564588
...............sAdjData.uiAdjWatSupMode	 = 	2
...............sPrepPulses.ucWaterSat	 = 	1
...............sSpecPara.dSpecWaterSupprBandwidth	 = 	1.55
...............sDixonData.sMrDixonOptions.ucDixonWater	 = 	0x0
...............sDixonData.sMrDixonEvaluationOptions.ucDixonEvaWaterFraction	 = 	0x0
[?1h=...2021.11.15-07.09.22
......AF23
.........svs_se_30_Femur_Epiphysis_0x0.8
[?1h=............UNKNOWN.1.3.12.2.1107.5.2.38.51021.2021111507245920356304604
...............sAdjData.uiAdjWatSupMode	 = 	2
...............sPrepPulses.ucWaterSat	 = 	4
...............sSpecPara.dSpecWaterSupprBandwidth	 = 	1.55
...............sDixonData.sMrDixonOptions.ucDixonWater	 = 	0x0
...............sDixonData.sMrDixonEvaluationOptions.ucDixonEvaWaterFraction	 = 	0x0
[?1h=.........svs_se_30_Femur_Metaphysis_0x0.10
[?1h=............UNKNOWN.1.3.12.2.1107.5.2.38.51021.2021111507280355281005502
...............sAdjData.uiAdjWatSupMode	 = 	2
...............sPrepPulses.ucWaterSat	 = 	4
...............sSpecPara.dSpecWaterSupprBandwidth	 = 	1.55
...............sDixonData.sMrDixonOptions.ucDixonWater	 = 	0x0
...............sDixonData.sMrDixonEvaluationOptions.ucDixonEvaWaterFraction	 = 	0x0
[?1h=.........svs_se_30_Femur_midDiaphysis_0x0.18
[?1h=............UNKNOWN.1.3.12.2.1107.5.2.38.51021.2021111507353388546710105
...............sAdjData.uiAdjWatSupMode	 = 	2
...............sPrepPulses.ucWaterSat	 = 	4
...............sSpecPara.dSpecWaterSupprBandwidth	 = 	1.55
...............sDixonData.sMrDixonOptions.ucDixonWater	 = 	0x0
...............sDixonData.sMrDixonEvaluationOptions.ucDixonEvaWaterFraction	 = 	0x0
[?1h=.........svs_se_30_L4_0x0.26
[?1h=............UNKNOWN.1.3.12.2.1107.5.2.38.51021.2021111507433384946814698
...............sAdjData.uiAdjWatSupMode	 = 	2
...............sPrepPulses.ucWaterSat	 = 	4
...............sSpecPara.dSpecWaterSupprBandwidth	 = 	1.55
...............sDixonData.sMrDixonOptions.ucDixonWater	 = 	0x0
...............sDixonData.sMrDixonEvaluationOptions.ucDixonEvaWaterFraction	 = 	0x0
[?1h=.........svs_se_30_Liver_0x0.33
[?1h=............UNKNOWN.1.3.12.2.1107.5.2.38.51021.2021111507510669055719287
...............sAdjData.uiAdjWatSupMode	 = 	2
...............sPrepPulses.ucWaterSat	 = 	1
...............sSpecPara.dSpecWaterSupprBandwidth	 = 	1.55
...............sDixonData.sMrDixonOptions.ucDixonWater	 = 	0x0
...............sDixonData.sMrDixonEvaluationOptions.ucDixonEvaWaterFraction	 = 	0x0
[?1h=.........svs_se_30_Liver_0x0.34
[?1h=............UNKNOWN.1.3.12.2.1107.5.2.38.51021.2021111507550643778420178
...............sAdjData.uiAdjWatSupMode	 = 	2
...............sPrepPulses.ucWaterSat	 = 	1
...............sSpecPara.dSpecWaterSupprBandwidth	 = 	1.55
...............sDixonData.sMrDixonOptions.ucDixonWater	 = 	0x0
...............sDixonData.sMrDixonEvaluationOptions.ucDixonEvaWaterFraction	 = 	0x0
[?1h=.........svs_se_30_Liver_0x0.35
[?1h=............UNKNOWN.1.3.12.2.1107.5.2.38.51021.202111150758008187321069
...............sAdjData.uiAdjWatSupMode	 = 	2
...............sPrepPulses.ucWaterSat	 = 	1
...............sSpecPara.dSpecWaterSupprBandwidth	 = 	1.55
...............sDixonData.sMrDixonOptions.ucDixonWater	 = 	0x0
...............sDixonData.sMrDixonEvaluationOptions.ucDixonEvaWaterFraction	 = 	0x0
[?1h=.........svs_se_30_Liver_0x0.37
[?1h=............UNKNOWN.1.3.12.2.1107.5.2.38.51021.2021111508004539936421958
...............sAdjData.uiAdjWatSupMode	 = 	2
...............sPrepPulses.ucWaterSat	 = 	1
...............sSpecPara.dSpecWaterSupprBandwidth	 = 	1.55
...............sDixonData.sMrDixonOptions.ucDixonWater	 = 	0x0
...............sDixonData.sMrDixonEvaluationOptions.ucDixonEvaWaterFraction	 = 	0x0
[?1h=/disk/mace2/scan_data/FAZ-TET
...2022.02.11-08.41.19
......KB59
.........svs_se_30_Femur_midDiaphysis_0x0.25
[?1h=............UNKNOWN.1.3.12.2.1107.5.2.38.51021.2022021109144573405979288
...............sAdjData.uiAdjWatSupMode	 = 	2
...............sPrepPulses.ucWaterSat	 = 	4
...............sSpecPara.dSpecWaterSupprBandwidth	 = 	1.55
...............sDixonData.sMrDixonOptions.ucDixonWater	 = 	0x0
...............sDixonData.sMrDixonEvaluationOptions.ucDixonEvaWaterFraction	 = 	0x0
[?1h=.........svs_se_30_Femur_midDiaphysis_0x0.27
[?1h=............UNKNOWN.1.3.12.2.1107.5.2.38.51021.2022021109152585555579312
...............sAdjData.uiAdjWatSupMode	 = 	2
...............sPrepPulses.ucWaterSat	 = 	4
...............sSpecPara.dSpecWaterSupprBandwidth	 = 	1.55
...............sDixonData.sMrDixonOptions.ucDixonWater	 = 	0x0
...............sDixonData.sMrDixonEvaluationOptions.ucDixonEvaWaterFraction	 = 	0x0
[?1h=.........svs_se_30_L4_0x0.8
[?1h=............UNKNOWN.1.3.12.2.1107.5.2.38.51021.2022021108512067772670073
...............sAdjData.uiAdjWatSupMode	 = 	2
...............sPrepPulses.ucWaterSat	 = 	4
...............sSpecPara.dSpecWaterSupprBandwidth	 = 	1.55
...............sDixonData.sMrDixonOptions.ucDixonWater	 = 	0x0
...............sDixonData.sMrDixonEvaluationOptions.ucDixonEvaWaterFraction	 = 	0x0
[?1h=.........svs_se_30_Liver_0x0.15
[?1h=............UNKNOWN.1.3.12.2.1107.5.2.38.51021.2022021109010097063574653
...............sAdjData.uiAdjWatSupMode	 = 	2
...............sPrepPulses.ucWaterSat	 = 	1
...............sSpecPara.dSpecWaterSupprBandwidth	 = 	1.55
...............sDixonData.sMrDixonOptions.ucDixonWater	 = 	0x0
...............sDixonData.sMrDixonEvaluationOptions.ucDixonEvaWaterFraction	 = 	0x0
[?1h=.........svs_se_30_Liver_0x0.16
[?1h=............UNKNOWN.1.3.12.2.1107.5.2.38.51021.2022021109025953838174670
...............sAdjData.uiAdjWatSupMode	 = 	2
...............sPrepPulses.ucWaterSat	 = 	1
...............sSpecPara.dSpecWaterSupprBandwidth	 = 	1.55
...............sDixonData.sMrDixonOptions.ucDixonWater	 = 	0x0
...............sDixonData.sMrDixonEvaluationOptions.ucDixonEvaWaterFraction	 = 	0x0
[?1h=.........svs_se_30_Liver_0x0.17
[?1h=............UNKNOWN.1.3.12.2.1107.5.2.38.51021.2022021109050742268174687
...............sAdjData.uiAdjWatSupMode	 = 	2
...............sPrepPulses.ucWaterSat	 = 	1
...............sSpecPara.dSpecWaterSupprBandwidth	 = 	1.55
...............sDixonData.sMrDixonOptions.ucDixonWater	 = 	0x0
...............sDixonData.sMrDixonEvaluationOptions.ucDixonEvaWaterFraction	 = 	0x0
[?1h=...2022.02.21-10.08.42
......AP12
.........svs_se_30_Femur_Epiphysis_0x0.8
[?1h=............UNKNOWN.1.3.12.2.1107.5.2.38.51021.202202211024095804304654
...............sAdjData.uiAdjWatSupMode	 = 	2
...............sPrepPulses.ucWaterSat	 = 	4
...............sSpecPara.dSpecWaterSupprBandwidth	 = 	1.55
...............sDixonData.sMrDixonOptions.ucDixonWater	 = 	0x0
...............sDixonData.sMrDixonEvaluationOptions.ucDixonEvaWaterFraction	 = 	0x0
[?1h=.........svs_se_30_Femur_Metaphysis_0x0.10
[?1h=............UNKNOWN.1.3.12.2.1107.5.2.38.51021.2022022110270842314305552
...............sAdjData.uiAdjWatSupMode	 = 	2
...............sPrepPulses.ucWaterSat	 = 	4
...............sSpecPara.dSpecWaterSupprBandwidth	 = 	1.55
...............sDixonData.sMrDixonOptions.ucDixonWater	 = 	0x0
...............sDixonData.sMrDixonEvaluationOptions.ucDixonEvaWaterFraction	 = 	0x0
[?1h=.........svs_se_30_Femur_midDiaphysis_0x0.18
[?1h=............UNKNOWN.1.3.12.2.1107.5.2.38.51021.2022022110352678385410155
...............sAdjData.uiAdjWatSupMode	 = 	2
...............sPrepPulses.ucWaterSat	 = 	4
...............sSpecPara.dSpecWaterSupprBandwidth	 = 	1.55
...............sDixonData.sMrDixonOptions.ucDixonWater	 = 	0x0
...............sDixonData.sMrDixonEvaluationOptions.ucDixonEvaWaterFraction	 = 	0x0
[?1h=.........svs_se_30_L4_0x0.26
[?1h=............UNKNOWN.1.3.12.2.1107.5.2.38.51021.2022022110440483016714748
...............sAdjData.uiAdjWatSupMode	 = 	2
...............sPrepPulses.ucWaterSat	 = 	4
...............sSpecPara.dSpecWaterSupprBandwidth	 = 	1.55
...............sDixonData.sMrDixonOptions.ucDixonWater	 = 	0x0
...............sDixonData.sMrDixonEvaluationOptions.ucDixonEvaWaterFraction	 = 	0x0
[?1h=.........svs_se_30_Liver_0x0.34
[?1h=............UNKNOWN.1.3.12.2.1107.5.2.38.51021.2022022110515642344319335
...............sAdjData.uiAdjWatSupMode	 = 	2
...............sPrepPulses.ucWaterSat	 = 	1
...............sSpecPara.dSpecWaterSupprBandwidth	 = 	1.55
...............sDixonData.sMrDixonOptions.ucDixonWater	 = 	0x0
...............sDixonData.sMrDixonEvaluationOptions.ucDixonEvaWaterFraction	 = 	0x0
[?1h=.........svs_se_30_Liver_0x0.35
[?1h=............UNKNOWN.1.3.12.2.1107.5.2.38.51021.2022022110540729847520229
...............sAdjData.uiAdjWatSupMode	 = 	2
...............sPrepPulses.ucWaterSat	 = 	1
...............sSpecPara.dSpecWaterSupprBandwidth	 = 	1.55
...............sDixonData.sMrDixonOptions.ucDixonWater	 = 	0x0
...............sDixonData.sMrDixonEvaluationOptions.ucDixonEvaWaterFraction	 = 	0x0
[?1h=...2022.03.14-10.06.01
......AC10
.........svs_se_30_Femur_Epiphysis_0x0.12
[?1h=............UNKNOWN.1.3.12.2.1107.5.2.38.51021.2022031409345792728906450
...............sAdjData.uiAdjWatSupMode	 = 	2
...............sPrepPulses.ucWaterSat	 = 	4
...............sSpecPara.dSpecWaterSupprBandwidth	 = 	1.55
...............sDixonData.sMrDixonOptions.ucDixonWater	 = 	0x0
...............sDixonData.sMrDixonEvaluationOptions.ucDixonEvaWaterFraction	 = 	0x0
[?1h=.........svs_se_30_Femur_Epiphysis_0x0.8
[?1h=............UNKNOWN.1.3.12.2.1107.5.2.38.51021.2022031409264484911104654
...............sAdjData.uiAdjWatSupMode	 = 	2
...............sPrepPulses.ucWaterSat	 = 	4
...............sSpecPara.dSpecWaterSupprBandwidth	 = 	1.55
...............sDixonData.sMrDixonOptions.ucDixonWater	 = 	0x0
...............sDixonData.sMrDixonEvaluationOptions.ucDixonEvaWaterFraction	 = 	0x0
[?1h=.........svs_se_30_Femur_Metaphysis_0x0.10
[?1h=............UNKNOWN.1.3.12.2.1107.5.2.38.51021.2022031409301485929605552
...............sAdjData.uiAdjWatSupMode	 = 	2
...............sPrepPulses.ucWaterSat	 = 	4
...............sSpecPara.dSpecWaterSupprBandwidth	 = 	1.55
...............sDixonData.sMrDixonOptions.ucDixonWater	 = 	0x0
...............sDixonData.sMrDixonEvaluationOptions.ucDixonEvaWaterFraction	 = 	0x0
[?1h=.........svs_se_30_Femur_midDiaphysis_0x0.21
[?1h=............UNKNOWN.1.3.12.2.1107.5.2.38.51021.2022031409432252575711591
...............sAdjData.uiAdjWatSupMode	 = 	2
...............sPrepPulses.ucWaterSat	 = 	4
...............sSpecPara.dSpecWaterSupprBandwidth	 = 	1.55
...............sDixonData.sMrDixonOptions.ucDixonWater	 = 	0x0
...............sDixonData.sMrDixonEvaluationOptions.ucDixonEvaWaterFraction	 = 	0x0
[?1h=.........svs_se_30_L4_0x0.29
[?1h=............UNKNOWN.1.3.12.2.1107.5.2.38.51021.2022031409505350114516184
...............sAdjData.uiAdjWatSupMode	 = 	2
...............sPrepPulses.ucWaterSat	 = 	4
...............sSpecPara.dSpecWaterSupprBandwidth	 = 	1.55
...............sDixonData.sMrDixonOptions.ucDixonWater	 = 	0x0
...............sDixonData.sMrDixonEvaluationOptions.ucDixonEvaWaterFraction	 = 	0x0
[?1h=.........svs_se_30_Liver_0x0.36
[?1h=............UNKNOWN.1.3.12.2.1107.5.2.38.51021.2022031410001788536221065
...............sAdjData.uiAdjWatSupMode	 = 	2
...............sPrepPulses.ucWaterSat	 = 	1
...............sSpecPara.dSpecWaterSupprBandwidth	 = 	1.55
...............sDixonData.sMrDixonOptions.ucDixonWater	 = 	0x0
...............sDixonData.sMrDixonEvaluationOptions.ucDixonEvaWaterFraction	 = 	0x0
[?1h=.........svs_se_30_Liver_0x0.37
[?1h=............UNKNOWN.1.3.12.2.1107.5.2.38.51021.202203141001065030321082
...............sAdjData.uiAdjWatSupMode	 = 	2
...............sPrepPulses.ucWaterSat	 = 	1
...............sSpecPara.dSpecWaterSupprBandwidth	 = 	1.55
...............sDixonData.sMrDixonOptions.ucDixonWater	 = 	0x0
...............sDixonData.sMrDixonEvaluationOptions.ucDixonEvaWaterFraction	 = 	0x0
[?1h=.........svs_se_30_Liver_0x0.38
[?1h=............UNKNOWN.1.3.12.2.1107.5.2.38.51021.202203141001492724721099
...............sAdjData.uiAdjWatSupMode	 = 	2
...............sPrepPulses.ucWaterSat	 = 	1
...............sSpecPara.dSpecWaterSupprBandwidth	 = 	1.55
...............sDixonData.sMrDixonOptions.ucDixonWater	 = 	0x0
...............sDixonData.sMrDixonEvaluationOptions.ucDixonEvaWaterFraction	 = 	0x0
[?1h=...2022.03.28-13.57.07
......KO31
.........svs_se_30_Femur_Epiphysis_0x0.10
[?1h=............UNKNOWN.1.3.12.2.1107.5.2.38.51021.2022032814142716608556851
...............sAdjData.uiAdjWatSupMode	 = 	2
...............sPrepPulses.ucWaterSat	 = 	4
...............sSpecPara.dSpecWaterSupprBandwidth	 = 	1.55
...............sDixonData.sMrDixonOptions.ucDixonWater	 = 	0x0
...............sDixonData.sMrDixonEvaluationOptions.ucDixonEvaWaterFraction	 = 	0x0
[?1h=.........svs_se_30_Femur_Metaphysis_0x0.12
[?1h=............UNKNOWN.1.3.12.2.1107.5.2.38.51021.2022032814165465289057749
...............sAdjData.uiAdjWatSupMode	 = 	2
...............sPrepPulses.ucWaterSat	 = 	4
...............sSpecPara.dSpecWaterSupprBandwidth	 = 	1.55
...............sDixonData.sMrDixonOptions.ucDixonWater	 = 	0x0
...............sDixonData.sMrDixonEvaluationOptions.ucDixonEvaWaterFraction	 = 	0x0
[?1h=.........svs_se_30_Femur_midDiaphysis_0x0.20
[?1h=............UNKNOWN.1.3.12.2.1107.5.2.38.51021.2022032814255425654262352
...............sAdjData.uiAdjWatSupMode	 = 	2
...............sPrepPulses.ucWaterSat	 = 	4
...............sSpecPara.dSpecWaterSupprBandwidth	 = 	1.55
...............sDixonData.sMrDixonOptions.ucDixonWater	 = 	0x0
...............sDixonData.sMrDixonEvaluationOptions.ucDixonEvaWaterFraction	 = 	0x0
[?1h=.........svs_se_30_L4_0x0.28
[?1h=............UNKNOWN.1.3.12.2.1107.5.2.38.51021.2022032814354133009366945
...............sAdjData.uiAdjWatSupMode	 = 	2
...............sPrepPulses.ucWaterSat	 = 	4
...............sSpecPara.dSpecWaterSupprBandwidth	 = 	1.55
...............sDixonData.sMrDixonOptions.ucDixonWater	 = 	0x0
...............sDixonData.sMrDixonEvaluationOptions.ucDixonEvaWaterFraction	 = 	0x0
[?1h=.........svs_se_30_Liver_0x0.36
[?1h=............UNKNOWN.1.3.12.2.1107.5.2.38.51021.202203281444258545971532
...............sAdjData.uiAdjWatSupMode	 = 	2
...............sPrepPulses.ucWaterSat	 = 	1
...............sSpecPara.dSpecWaterSupprBandwidth	 = 	1.55
...............sDixonData.sMrDixonOptions.ucDixonWater	 = 	0x0
...............sDixonData.sMrDixonEvaluationOptions.ucDixonEvaWaterFraction	 = 	0x0
[?1h=.........svs_se_30_Liver_0x0.37
[?1h=............UNKNOWN.1.3.12.2.1107.5.2.38.51021.2022032814463465164372426
...............sAdjData.uiAdjWatSupMode	 = 	2
...............sPrepPulses.ucWaterSat	 = 	1
...............sSpecPara.dSpecWaterSupprBandwidth	 = 	1.55
...............sDixonData.sMrDixonOptions.ucDixonWater	 = 	0x0
...............sDixonData.sMrDixonEvaluationOptions.ucDixonEvaWaterFraction	 = 	0x0
[?1h=...2022.04.07-11.01.32
......RD55
.........svs_se_30_Femur_Epiphysis_0x0.8
[?1h=............UNKNOWN.1.3.12.2.1107.5.2.38.51021.2022040711131216311493828
...............sAdjData.uiAdjWatSupMode	 = 	2
...............sPrepPulses.ucWaterSat	 = 	4
...............sSpecPara.dSpecWaterSupprBandwidth	 = 	1.55
...............sDixonData.sMrDixonOptions.ucDixonWater	 = 	0x0
...............sDixonData.sMrDixonEvaluationOptions.ucDixonEvaWaterFraction	 = 	0x0
[?1h=.........svs_se_30_Femur_Metaphysis_0x0.10
[?1h=............UNKNOWN.1.3.12.2.1107.5.2.38.51021.202204071115539076294726
...............sAdjData.uiAdjWatSupMode	 = 	2
...............sPrepPulses.ucWaterSat	 = 	4
...............sSpecPara.dSpecWaterSupprBandwidth	 = 	1.55
...............sDixonData.sMrDixonOptions.ucDixonWater	 = 	0x0
...............sDixonData.sMrDixonEvaluationOptions.ucDixonEvaWaterFraction	 = 	0x0
[?1h=.........svs_se_30_Femur_midDiaphysis_0x0.18
[?1h=............UNKNOWN.1.3.12.2.1107.5.2.38.51021.2022040711231071254699333
...............sAdjData.uiAdjWatSupMode	 = 	2
...............sPrepPulses.ucWaterSat	 = 	4
...............sSpecPara.dSpecWaterSupprBandwidth	 = 	1.55
...............sDixonData.sMrDixonOptions.ucDixonWater	 = 	0x0
...............sDixonData.sMrDixonEvaluationOptions.ucDixonEvaWaterFraction	 = 	0x0
[?1h=.........svs_se_30_L4_0x0.26
[?1h=............UNKNOWN.1.3.12.2.1107.5.2.38.51021.2022040711294587990403926
...............sAdjData.uiAdjWatSupMode	 = 	2
...............sPrepPulses.ucWaterSat	 = 	4
...............sSpecPara.dSpecWaterSupprBandwidth	 = 	1.55
...............sDixonData.sMrDixonOptions.ucDixonWater	 = 	0x0
...............sDixonData.sMrDixonEvaluationOptions.ucDixonEvaWaterFraction	 = 	0x0
[?1h=.........svs_se_30_Liver_0x0.34
[?1h=............UNKNOWN.1.3.12.2.1107.5.2.38.51021.2022040711373376518708520
...............sAdjData.uiAdjWatSupMode	 = 	2
...............sPrepPulses.ucWaterSat	 = 	1
...............sSpecPara.dSpecWaterSupprBandwidth	 = 	1.55
...............sDixonData.sMrDixonOptions.ucDixonWater	 = 	0x0
...............sDixonData.sMrDixonEvaluationOptions.ucDixonEvaWaterFraction	 = 	0x0
[?1h=.........svs_se_30_Liver_0x0.35
[?1h=............UNKNOWN.1.3.12.2.1107.5.2.38.51021.2022040711395649718009414
...............sAdjData.uiAdjWatSupMode	 = 	2
...............sPrepPulses.ucWaterSat	 = 	1
...............sSpecPara.dSpecWaterSupprBandwidth	 = 	1.55
...............sDixonData.sMrDixonOptions.ucDixonWater	 = 	0x0
...............sDixonData.sMrDixonEvaluationOptions.ucDixonEvaWaterFraction	 = 	0x0
[?1h=...2022.08.04-11.28.21
......KR30
.........svs_se_30_Femur_Epiphysis_0x0.9
[?1h=............UNKNOWN.1.3.12.2.1107.5.2.38.51021.2022080411363611571417224
...............sAdjData.uiAdjWatSupMode	 = 	2
...............sPrepPulses.ucWaterSat	 = 	4
...............sSpecPara.dSpecWaterSupprBandwidth	 = 	1.55
...............sDixonData.sMrDixonOptions.ucDixonWater	 = 	0x0
...............sDixonData.sMrDixonEvaluationOptions.ucDixonEvaWaterFraction	 = 	0x0
[?1h=.........svs_se_30_Femur_Metaphysis_0x0.11
[?1h=............UNKNOWN.1.3.12.2.1107.5.2.38.51021.20220804114136481718122
...............sAdjData.uiAdjWatSupMode	 = 	2
...............sPrepPulses.ucWaterSat	 = 	4
...............sSpecPara.dSpecWaterSupprBandwidth	 = 	1.55
...............sDixonData.sMrDixonOptions.ucDixonWater	 = 	0x0
...............sDixonData.sMrDixonEvaluationOptions.ucDixonEvaWaterFraction	 = 	0x0
[?1h=.........svs_se_30_Femur_midDiaphysis_0x0.19
[?1h=............UNKNOWN.1.3.12.2.1107.5.2.38.51021.2022080411502287712922725
...............sAdjData.uiAdjWatSupMode	 = 	2
...............sPrepPulses.ucWaterSat	 = 	4
...............sSpecPara.dSpecWaterSupprBandwidth	 = 	1.55
...............sDixonData.sMrDixonOptions.ucDixonWater	 = 	0x0
...............sDixonData.sMrDixonEvaluationOptions.ucDixonEvaWaterFraction	 = 	0x0
[?1h=.........svs_se_30_L4_0x0.26
[?1h=............UNKNOWN.1.3.12.2.1107.5.2.38.51021.2022080411582850145827320
...............sAdjData.uiAdjWatSupMode	 = 	2
...............sPrepPulses.ucWaterSat	 = 	4
...............sSpecPara.dSpecWaterSupprBandwidth	 = 	1.55
...............sDixonData.sMrDixonOptions.ucDixonWater	 = 	0x0
...............sDixonData.sMrDixonEvaluationOptions.ucDixonEvaWaterFraction	 = 	0x0
[?1h=.........svs_se_30_L4_0x0.28
[?1h=............UNKNOWN.1.3.12.2.1107.5.2.38.51021.2022080412032646716928215
...............sAdjData.uiAdjWatSupMode	 = 	2
...............sPrepPulses.ucWaterSat	 = 	4
...............sSpecPara.dSpecWaterSupprBandwidth	 = 	1.55
...............sDixonData.sMrDixonOptions.ucDixonWater	 = 	0x0
...............sDixonData.sMrDixonEvaluationOptions.ucDixonEvaWaterFraction	 = 	0x0
[?1h=.........svs_se_30_Liver_0x0.37
[?1h=............UNKNOWN.1.3.12.2.1107.5.2.38.51021.2022080412164330299434523
...............sAdjData.uiAdjWatSupMode	 = 	2
...............sPrepPulses.ucWaterSat	 = 	1
...............sSpecPara.dSpecWaterSupprBandwidth	 = 	1.55
...............sDixonData.sMrDixonOptions.ucDixonWater	 = 	0x0
...............sDixonData.sMrDixonEvaluationOptions.ucDixonEvaWaterFraction	 = 	0x0
[?1h=.........svs_se_30_Liver_0x0.38
[?1h=............UNKNOWN.1.3.12.2.1107.5.2.38.51021.2022080412200960198234561
...............sAdjData.uiAdjWatSupMode	 = 	2
...............sPrepPulses.ucWaterSat	 = 	1
...............sSpecPara.dSpecWaterSupprBandwidth	 = 	1.55
...............sDixonData.sMrDixonOptions.ucDixonWater	 = 	0x0
...............sDixonData.sMrDixonEvaluationOptions.ucDixonEvaWaterFraction	 = 	0x0
[?1h=.........svs_se_30_Liver_0x0.39
[?1h=............UNKNOWN.1.3.12.2.1107.5.2.38.51021.2022080412223272355335452
...............sAdjData.uiAdjWatSupMode	 = 	2
...............sPrepPulses.ucWaterSat	 = 	1
...............sSpecPara.dSpecWaterSupprBandwidth	 = 	1.55
...............sDixonData.sMrDixonOptions.ucDixonWater	 = 	0x0
...............sDixonData.sMrDixonEvaluationOptions.ucDixonEvaWaterFraction	 = 	0x0
[?1h=...2022.09.02-14.01.29
......AF23
.........svs_se_30_Femur_Epiphysis_0x0.8
[?1h=............UNKNOWN.1.3.12.2.1107.5.2.38.51021.202209021439219257335005
...............sAdjData.uiAdjWatSupMode	 = 	2
...............sPrepPulses.ucWaterSat	 = 	4
...............sSpecPara.dSpecWaterSupprBandwidth	 = 	1.55
...............sDixonData.sMrDixonOptions.ucDixonWater	 = 	0x0
...............sDixonData.sMrDixonEvaluationOptions.ucDixonEvaWaterFraction	 = 	0x0
[?1h=.........svs_se_30_Femur_Metaphysis_0x0.10
[?1h=............UNKNOWN.1.3.12.2.1107.5.2.38.51021.2022090214431430342435903
...............sAdjData.uiAdjWatSupMode	 = 	2
...............sPrepPulses.ucWaterSat	 = 	4
...............sSpecPara.dSpecWaterSupprBandwidth	 = 	1.55
...............sDixonData.sMrDixonOptions.ucDixonWater	 = 	0x0
...............sDixonData.sMrDixonEvaluationOptions.ucDixonEvaWaterFraction	 = 	0x0
[?1h=.........svs_se_30_Femur_midDiaphysis_0x0.18
[?1h=............UNKNOWN.1.3.12.2.1107.5.2.38.51021.202209021451556074240506
...............sAdjData.uiAdjWatSupMode	 = 	2
...............sPrepPulses.ucWaterSat	 = 	4
...............sSpecPara.dSpecWaterSupprBandwidth	 = 	1.55
...............sDixonData.sMrDixonOptions.ucDixonWater	 = 	0x0
...............sDixonData.sMrDixonEvaluationOptions.ucDixonEvaWaterFraction	 = 	0x0
[?1h=.........svs_se_30_L4_0x0.26
[?1h=............UNKNOWN.1.3.12.2.1107.5.2.38.51021.2022090214594884884645099
...............sAdjData.uiAdjWatSupMode	 = 	2
...............sPrepPulses.ucWaterSat	 = 	4
...............sSpecPara.dSpecWaterSupprBandwidth	 = 	1.55
...............sDixonData.sMrDixonOptions.ucDixonWater	 = 	0x0
...............sDixonData.sMrDixonEvaluationOptions.ucDixonEvaWaterFraction	 = 	0x0
[?1h=.........svs_se_30_Liver_0x0.34
[?1h=............UNKNOWN.1.3.12.2.1107.5.2.38.51021.2022090215092016994250256
...............sAdjData.uiAdjWatSupMode	 = 	2
...............sPrepPulses.ucWaterSat	 = 	1
...............sSpecPara.dSpecWaterSupprBandwidth	 = 	1.55
...............sDixonData.sMrDixonOptions.ucDixonWater	 = 	0x0
...............sDixonData.sMrDixonEvaluationOptions.ucDixonEvaWaterFraction	 = 	0x0
[?1h=.........svs_se_30_Liver_0x0.35
[?1h=............UNKNOWN.1.3.12.2.1107.5.2.38.51021.2022090215113310290251147
...............sAdjData.uiAdjWatSupMode	 = 	2
...............sPrepPulses.ucWaterSat	 = 	1
...............sSpecPara.dSpecWaterSupprBandwidth	 = 	1.55
...............sDixonData.sMrDixonOptions.ucDixonWater	 = 	0x0
...............sDixonData.sMrDixonEvaluationOptions.ucDixonEvaWaterFraction	 = 	0x0
[?1h=...2022.11.11-09.56.03
......AN_86
.........svs_se_30_Femur_Epiphysis_0x0.8
[?1h=............UNKNOWN.1.3.12.2.1107.5.2.38.51021.2022111111024134766764944
...............sAdjData.uiAdjWatSupMode	 = 	2
...............sPrepPulses.ucWaterSat	 = 	4
...............sSpecPara.dSpecWaterSupprBandwidth	 = 	1.55
...............sDixonData.sMrDixonOptions.ucDixonWater	 = 	0x0
...............sDixonData.sMrDixonEvaluationOptions.ucDixonEvaWaterFraction	 = 	0x0
[?1h=.........svs_se_30_Femur_Metaphysis_0x0.10
[?1h=............UNKNOWN.1.3.12.2.1107.5.2.38.51021.2022111111053577319465842
...............sAdjData.uiAdjWatSupMode	 = 	2
...............sPrepPulses.ucWaterSat	 = 	4
...............sSpecPara.dSpecWaterSupprBandwidth	 = 	1.55
...............sDixonData.sMrDixonOptions.ucDixonWater	 = 	0x0
...............sDixonData.sMrDixonEvaluationOptions.ucDixonEvaWaterFraction	 = 	0x0
[?1h=.........svs_se_30_Femur_midDiaphysis_0x0.18
[?1h=............UNKNOWN.1.3.12.2.1107.5.2.38.51021.2022111111121939606670449
...............sAdjData.uiAdjWatSupMode	 = 	2
...............sPrepPulses.ucWaterSat	 = 	4
...............sSpecPara.dSpecWaterSupprBandwidth	 = 	1.55
...............sDixonData.sMrDixonOptions.ucDixonWater	 = 	0x0
...............sDixonData.sMrDixonEvaluationOptions.ucDixonEvaWaterFraction	 = 	0x0
[?1h=.........svs_se_30_L4_0x0.26
[?1h=............UNKNOWN.1.3.12.2.1107.5.2.38.51021.2022111111190920349375042
...............sAdjData.uiAdjWatSupMode	 = 	2
...............sPrepPulses.ucWaterSat	 = 	4
...............sSpecPara.dSpecWaterSupprBandwidth	 = 	1.55
...............sDixonData.sMrDixonOptions.ucDixonWater	 = 	0x0
...............sDixonData.sMrDixonEvaluationOptions.ucDixonEvaWaterFraction	 = 	0x0
[?1h=.........svs_se_30_Liver_0x0.32
[?1h=............UNKNOWN.1.3.12.2.1107.5.2.38.51021.2022111111260530899879631
...............sAdjData.uiAdjWatSupMode	 = 	2
...............sPrepPulses.ucWaterSat	 = 	1
...............sSpecPara.dSpecWaterSupprBandwidth	 = 	1.55
...............sDixonData.sMrDixonOptions.ucDixonWater	 = 	0x0
...............sDixonData.sMrDixonEvaluationOptions.ucDixonEvaWaterFraction	 = 	0x0
[?1h=.........svs_se_30_Liver_0x0.33
[?1h=............UNKNOWN.1.3.12.2.1107.5.2.38.51021.2022111111280787148880525
...............sAdjData.uiAdjWatSupMode	 = 	2
...............sPrepPulses.ucWaterSat	 = 	1
...............sSpecPara.dSpecWaterSupprBandwidth	 = 	1.55
...............sDixonData.sMrDixonOptions.ucDixonWater	 = 	0x0
...............sDixonData.sMrDixonEvaluationOptions.ucDixonEvaWaterFraction	 = 	0x0
[?1h=.........svs_se_30_Liver_0x0.34
[?1h=............UNKNOWN.1.3.12.2.1107.5.2.38.51021.2022111111300410641881416
...............sAdjData.uiAdjWatSupMode	 = 	2
...............sPrepPulses.ucWaterSat	 = 	1
...............sSpecPara.dSpecWaterSupprBandwidth	 = 	1.55
...............sDixonData.sMrDixonOptions.ucDixonWater	 = 	0x0
...............sDixonData.sMrDixonEvaluationOptions.ucDixonEvaWaterFraction	 = 	0x0
[?1h=...2022.11.11-12.44.40
......KB59
.........svs_se_30_Femur_Epiphysis_0x0.8
[?1h=............UNKNOWN.1.3.12.2.1107.5.2.38.51021.2022111113513014517386019
...............sAdjData.uiAdjWatSupMode	 = 	2
...............sPrepPulses.ucWaterSat	 = 	4
...............sSpecPara.dSpecWaterSupprBandwidth	 = 	1.55
...............sDixonData.sMrDixonOptions.ucDixonWater	 = 	0x0
...............sDixonData.sMrDixonEvaluationOptions.ucDixonEvaWaterFraction	 = 	0x0
[?1h=.........svs_se_30_Femur_Epiphysis_0x0.9
[?1h=............UNKNOWN.1.3.12.2.1107.5.2.38.51021.2022111113541180937086919
...............sAdjData.uiAdjWatSupMode	 = 	2
...............sPrepPulses.ucWaterSat	 = 	4
...............sSpecPara.dSpecWaterSupprBandwidth	 = 	1.55
...............sDixonData.sMrDixonOptions.ucDixonWater	 = 	0x0
...............sDixonData.sMrDixonEvaluationOptions.ucDixonEvaWaterFraction	 = 	0x0
[?1h=.........svs_se_30_Femur_Metaphysis_0x0.11
[?1h=............UNKNOWN.1.3.12.2.1107.5.2.38.51021.2022111113564156691887814
...............sAdjData.uiAdjWatSupMode	 = 	2
...............sPrepPulses.ucWaterSat	 = 	4
...............sSpecPara.dSpecWaterSupprBandwidth	 = 	1.55
...............sDixonData.sMrDixonOptions.ucDixonWater	 = 	0x0
...............sDixonData.sMrDixonEvaluationOptions.ucDixonEvaWaterFraction	 = 	0x0
[?1h=.........svs_se_30_Femur_midDiaphysis_0x0.19
[?1h=............UNKNOWN.1.3.12.2.1107.5.2.38.51021.2022111114042098219192417
...............sAdjData.uiAdjWatSupMode	 = 	2
...............sPrepPulses.ucWaterSat	 = 	4
...............sSpecPara.dSpecWaterSupprBandwidth	 = 	1.55
...............sDixonData.sMrDixonOptions.ucDixonWater	 = 	0x0
...............sDixonData.sMrDixonEvaluationOptions.ucDixonEvaWaterFraction	 = 	0x0
[?1h=.........svs_se_30_L4_0x0.27
[?1h=............UNKNOWN.1.3.12.2.1107.5.2.38.51021.2022111114114898242897010
...............sAdjData.uiAdjWatSupMode	 = 	2
...............sPrepPulses.ucWaterSat	 = 	4
...............sSpecPara.dSpecWaterSupprBandwidth	 = 	1.55
...............sDixonData.sMrDixonOptions.ucDixonWater	 = 	0x0
...............sDixonData.sMrDixonEvaluationOptions.ucDixonEvaWaterFraction	 = 	0x0
[?1h=.........svs_se_30_Liver_0x0.35
[?1h=............UNKNOWN.1.3.12.2.1107.5.2.38.51021.2022111114190853925702134
...............sAdjData.uiAdjWatSupMode	 = 	2
...............sPrepPulses.ucWaterSat	 = 	1
...............sSpecPara.dSpecWaterSupprBandwidth	 = 	1.55
...............sDixonData.sMrDixonOptions.ucDixonWater	 = 	0x0
...............sDixonData.sMrDixonEvaluationOptions.ucDixonEvaWaterFraction	 = 	0x0
[?1h=.........svs_se_30_Liver_0x0.36
[?1h=............UNKNOWN.1.3.12.2.1107.5.2.38.51021.202211111421222165603026
...............sAdjData.uiAdjWatSupMode	 = 	2
...............sPrepPulses.ucWaterSat	 = 	1
...............sSpecPara.dSpecWaterSupprBandwidth	 = 	1.55
...............sDixonData.sMrDixonOptions.ucDixonWater	 = 	0x0
...............sDixonData.sMrDixonEvaluationOptions.ucDixonEvaWaterFraction	 = 	0x0
[?1h=[?1l>